SF:lib/features/pexels_photo/domain/entities/pexels_photo.dart
DA:18,1
DA:32,0
DA:33,0
DA:34,0
DA:35,0
DA:36,0
DA:37,0
DA:38,0
DA:39,0
DA:40,0
DA:41,0
DA:42,0
DA:43,0
DA:44,0
LF:14
LH:1
end_of_record
SF:lib/features/pexels_photo/domain/entities/pexels_photo_src.dart
DA:13,1
DA:24,0
DA:25,0
DA:26,0
DA:27,0
DA:28,0
DA:29,0
DA:30,0
DA:31,0
DA:32,0
DA:33,0
LF:11
LH:1
end_of_record
SF:lib/features/pexels_photo/domain/usecases/get_pexels_photo.dart
DA:11,1
DA:14,1
DA:16,3
DA:24,1
DA:28,0
DA:29,0
LF:6
LH:4
end_of_record
SF:lib/core/failures.dart
DA:5,0
LF:1
LH:0
end_of_record
SF:lib/features/pexels_video/domain/entities/pexels_video.dart
DA:18,1
DA:30,0
DA:31,0
DA:32,0
DA:33,0
DA:34,0
DA:35,0
DA:36,0
DA:37,0
DA:38,0
DA:39,0
DA:40,0
LF:12
LH:1
end_of_record
SF:lib/features/pexels_video/domain/entities/pexels_video_file.dart
DA:11,1
DA:20,0
DA:21,0
DA:22,0
DA:23,0
DA:24,0
DA:25,0
DA:26,0
DA:27,0
LF:9
LH:1
end_of_record
SF:lib/features/pexels_video/domain/entities/pexels_video_picture.dart
DA:8,1
DA:14,0
DA:15,0
DA:16,0
DA:17,0
DA:18,0
LF:6
LH:1
end_of_record
SF:lib/features/pexels_video/domain/entities/pexels_video_user.dart
DA:8,1
DA:14,0
DA:15,0
DA:16,0
DA:17,0
DA:18,0
LF:6
LH:1
end_of_record
SF:lib/features/pexels_video/domain/usecases/get_pexels_video.dart
DA:12,1
DA:14,1
DA:16,3
DA:23,1
DA:25,0
DA:26,0
LF:6
LH:4
end_of_record
